
*** Running vivado
    with args -log lookAheadAdder.vdi -applog -m64 -product Vivado -messageDb vivado.pb -mode batch -source lookAheadAdder.tcl -notrace


****** Vivado v2019.1 (64-bit)
  **** SW Build 2552052 on Fri May 24 14:47:09 MDT 2019
  **** IP Build 2548770 on Fri May 24 18:01:18 MDT 2019
    ** Copyright 1986-2019 Xilinx, Inc. All Rights Reserved.

source lookAheadAdder.tcl -notrace
Command: link_design -top lookAheadAdder -part xc7z020clg484-1
Design is defaulting to srcset: sources_1
Design is defaulting to constrset: constrs_1
INFO: [Device 21-403] Loading part xc7z020clg484-1
INFO: [Project 1-479] Netlist was created with Vivado 2019.1
INFO: [Project 1-570] Preparing netlist for logic optimization
Parsing XDC File [/afs/ee.cooper.edu/user/h/halil.turan/Documents/ECE311/hw3/LookAheadAdder/LookAheadAdder.srcs/constrs_1/new/constraints.xdc]
Finished Parsing XDC File [/afs/ee.cooper.edu/user/h/halil.turan/Documents/ECE311/hw3/LookAheadAdder/LookAheadAdder.srcs/constrs_1/new/constraints.xdc]
INFO: [Opt 31-138] Pushed 0 inverter(s) to 0 load pin(s).
Netlist sorting complete. Time (s): cpu = 00:00:00 ; elapsed = 00:00:00 . Memory (MB): peak = 1653.812 ; gain = 0.000 ; free physical = 2982 ; free virtual = 21954
INFO: [Project 1-111] Unisim Transformation Summary:
No Unisim elements were transformed.

5 Infos, 0 Warnings, 0 Critical Warnings and 0 Errors encountered.
link_design completed successfully
Command: opt_design
Attempting to get a license for feature 'Implementation' and/or device 'xc7z020'
INFO: [Common 17-349] Got license for feature 'Implementation' and/or device 'xc7z020'
Running DRC as a precondition to command opt_design

Starting DRC Task
INFO: [DRC 23-27] Running DRC with 8 threads
INFO: [Project 1-461] DRC finished with 0 Errors
INFO: [Project 1-462] Please refer to the DRC report (report_drc) for more information.

Time (s): cpu = 00:00:01 ; elapsed = 00:00:00.95 . Memory (MB): peak = 1824.906 ; gain = 167.125 ; free physical = 2968 ; free virtual = 21940

Starting Cache Timing Information Task
INFO: [Timing 38-35] Done setting XDC timing constraints.
Ending Cache Timing Information Task | Checksum: 23c38f1af

Time (s): cpu = 00:00:04 ; elapsed = 00:00:05 . Memory (MB): peak = 2165.898 ; gain = 340.992 ; free physical = 2564 ; free virtual = 21536

Starting Logic Optimization Task

Phase 1 Retarget
INFO: [Opt 31-138] Pushed 0 inverter(s) to 0 load pin(s).
INFO: [Opt 31-49] Retargeted 0 cell(s).
Phase 1 Retarget | Checksum: 23c38f1af

Time (s): cpu = 00:00:00.01 ; elapsed = 00:00:00.01 . Memory (MB): peak = 2280.867 ; gain = 0.000 ; free physical = 2465 ; free virtual = 21436
INFO: [Opt 31-389] Phase Retarget created 0 cells and removed 0 cells

Phase 2 Constant propagation
INFO: [Opt 31-138] Pushed 0 inverter(s) to 0 load pin(s).
Phase 2 Constant propagation | Checksum: 23c38f1af

Time (s): cpu = 00:00:00.01 ; elapsed = 00:00:00.01 . Memory (MB): peak = 2280.867 ; gain = 0.000 ; free physical = 2465 ; free virtual = 21436
INFO: [Opt 31-389] Phase Constant propagation created 0 cells and removed 0 cells

Phase 3 Sweep
Phase 3 Sweep | Checksum: 23c38f1af

Time (s): cpu = 00:00:00.01 ; elapsed = 00:00:00.01 . Memory (MB): peak = 2280.867 ; gain = 0.000 ; free physical = 2465 ; free virtual = 21436
INFO: [Opt 31-389] Phase Sweep created 0 cells and removed 0 cells

Phase 4 BUFG optimization
Phase 4 BUFG optimization | Checksum: 23c38f1af

Time (s): cpu = 00:00:00.01 ; elapsed = 00:00:00.01 . Memory (MB): peak = 2280.867 ; gain = 0.000 ; free physical = 2465 ; free virtual = 21436
INFO: [Opt 31-662] Phase BUFG optimization created 0 cells of which 0 are BUFGs and removed 0 cells.

Phase 5 Shift Register Optimization
INFO: [Opt 31-1064] SRL Remap converted 0 SRLs to 0 registers and converted 0 registers of register chains to 0 SRLs
Phase 5 Shift Register Optimization | Checksum: 23c38f1af

Time (s): cpu = 00:00:00.01 ; elapsed = 00:00:00.01 . Memory (MB): peak = 2280.867 ; gain = 0.000 ; free physical = 2465 ; free virtual = 21436
INFO: [Opt 31-389] Phase Shift Register Optimization created 0 cells and removed 0 cells

Phase 6 Post Processing Netlist
Phase 6 Post Processing Netlist | Checksum: 23c38f1af

Time (s): cpu = 00:00:00.01 ; elapsed = 00:00:00.01 . Memory (MB): peak = 2280.867 ; gain = 0.000 ; free physical = 2465 ; free virtual = 21436
INFO: [Opt 31-389] Phase Post Processing Netlist created 0 cells and removed 0 cells
Opt_design Change Summary
=========================


-------------------------------------------------------------------------------------------------------------------------
|  Phase                        |  #Cells created  |  #Cells Removed  |  #Constrained objects preventing optimizations  |
-------------------------------------------------------------------------------------------------------------------------
|  Retarget                     |               0  |               0  |                                              0  |
|  Constant propagation         |               0  |               0  |                                              0  |
|  Sweep                        |               0  |               0  |                                              0  |
|  BUFG optimization            |               0  |               0  |                                              0  |
|  Shift Register Optimization  |               0  |               0  |                                              0  |
|  Post Processing Netlist      |               0  |               0  |                                              0  |
-------------------------------------------------------------------------------------------------------------------------



Starting Connectivity Check Task

Time (s): cpu = 00:00:00 ; elapsed = 00:00:00 . Memory (MB): peak = 2280.867 ; gain = 0.000 ; free physical = 2465 ; free virtual = 21436
Ending Logic Optimization Task | Checksum: 23c38f1af

Time (s): cpu = 00:00:00.02 ; elapsed = 00:00:00.02 . Memory (MB): peak = 2280.867 ; gain = 0.000 ; free physical = 2465 ; free virtual = 21436

Starting Power Optimization Task
INFO: [Pwropt 34-132] Skipping clock gating for clocks with a period < 2.00 ns.
Ending Power Optimization Task | Checksum: 23c38f1af

Time (s): cpu = 00:00:00 ; elapsed = 00:00:00.01 . Memory (MB): peak = 2280.867 ; gain = 0.000 ; free physical = 2464 ; free virtual = 21436

Starting Final Cleanup Task
Ending Final Cleanup Task | Checksum: 23c38f1af

Time (s): cpu = 00:00:00 ; elapsed = 00:00:00 . Memory (MB): peak = 2280.867 ; gain = 0.000 ; free physical = 2464 ; free virtual = 21436

Starting Netlist Obfuscation Task
Netlist sorting complete. Time (s): cpu = 00:00:00 ; elapsed = 00:00:00 . Memory (MB): peak = 2280.867 ; gain = 0.000 ; free physical = 2464 ; free virtual = 21436
Ending Netlist Obfuscation Task | Checksum: 23c38f1af

Time (s): cpu = 00:00:00 ; elapsed = 00:00:00 . Memory (MB): peak = 2280.867 ; gain = 0.000 ; free physical = 2464 ; free virtual = 21436
INFO: [Common 17-83] Releasing license: Implementation
22 Infos, 0 Warnings, 0 Critical Warnings and 0 Errors encountered.
opt_design completed successfully
opt_design: Time (s): cpu = 00:00:06 ; elapsed = 00:00:07 . Memory (MB): peak = 2280.867 ; gain = 623.086 ; free physical = 2464 ; free virtual = 21436
Netlist sorting complete. Time (s): cpu = 00:00:00 ; elapsed = 00:00:00 . Memory (MB): peak = 2280.867 ; gain = 0.000 ; free physical = 2464 ; free virtual = 21436
INFO: [Timing 38-480] Writing timing data to binary archive.
Writing placer database...
Writing XDEF routing.
Writing XDEF routing logical nets.
Writing XDEF routing special nets.
Write XDEF Complete: Time (s): cpu = 00:00:00.04 ; elapsed = 00:00:00.04 . Memory (MB): peak = 2312.883 ; gain = 0.000 ; free physical = 2461 ; free virtual = 21435
INFO: [Common 17-1381] The checkpoint '/afs/ee.cooper.edu/user/h/halil.turan/Documents/ECE311/hw3/LookAheadAdder/LookAheadAdder.runs/impl_1/lookAheadAdder_opt.dcp' has been generated.
INFO: [runtcl-4] Executing : report_drc -file lookAheadAdder_drc_opted.rpt -pb lookAheadAdder_drc_opted.pb -rpx lookAheadAdder_drc_opted.rpx
Command: report_drc -file lookAheadAdder_drc_opted.rpt -pb lookAheadAdder_drc_opted.pb -rpx lookAheadAdder_drc_opted.rpx
INFO: [IP_Flow 19-234] Refreshing IP repositories
INFO: [IP_Flow 19-1704] No user IP repositories specified
INFO: [IP_Flow 19-2313] Loaded Vivado IP repository '/opt/xilinx/Vivado/2019.1/data/ip'.
INFO: [DRC 23-27] Running DRC with 8 threads
INFO: [Coretcl 2-168] The results of DRC are in file /afs/ee.cooper.edu/user/h/halil.turan/Documents/ECE311/hw3/LookAheadAdder/LookAheadAdder.runs/impl_1/lookAheadAdder_drc_opted.rpt.
report_drc completed successfully
Command: place_design
Attempting to get a license for feature 'Implementation' and/or device 'xc7z020'
INFO: [Common 17-349] Got license for feature 'Implementation' and/or device 'xc7z020'
INFO: [DRC 23-27] Running DRC with 8 threads
INFO: [Vivado_Tcl 4-198] DRC finished with 0 Errors
INFO: [Vivado_Tcl 4-199] Please refer to the DRC report (report_drc) for more information.
Running DRC as a precondition to command place_design
INFO: [DRC 23-27] Running DRC with 8 threads
INFO: [Vivado_Tcl 4-198] DRC finished with 0 Errors
INFO: [Vivado_Tcl 4-199] Please refer to the DRC report (report_drc) for more information.

Starting Placer Task
INFO: [Place 30-611] Multithreading enabled for place_design using a maximum of 8 CPUs

Phase 1 Placer Initialization

Phase 1.1 Placer Initialization Netlist Sorting
Netlist sorting complete. Time (s): cpu = 00:00:00 ; elapsed = 00:00:00 . Memory (MB): peak = 2429.512 ; gain = 0.000 ; free physical = 2434 ; free virtual = 21406
Phase 1.1 Placer Initialization Netlist Sorting | Checksum: 1c1159b3c

Time (s): cpu = 00:00:00.03 ; elapsed = 00:00:00.04 . Memory (MB): peak = 2429.512 ; gain = 0.000 ; free physical = 2434 ; free virtual = 21406
Netlist sorting complete. Time (s): cpu = 00:00:00 ; elapsed = 00:00:00 . Memory (MB): peak = 2429.512 ; gain = 0.000 ; free physical = 2434 ; free virtual = 21406

Phase 1.2 IO Placement/ Clock Placement/ Build Placer Device
INFO: [Timing 38-35] Done setting XDC timing constraints.
Phase 1.2 IO Placement/ Clock Placement/ Build Placer Device | Checksum: 1c1159b3c

Time (s): cpu = 00:00:00.38 ; elapsed = 00:00:00.20 . Memory (MB): peak = 2429.512 ; gain = 0.000 ; free physical = 2420 ; free virtual = 21392

Phase 1.3 Build Placer Netlist Model
Phase 1.3 Build Placer Netlist Model | Checksum: 2972cedfa

Time (s): cpu = 00:00:00.44 ; elapsed = 00:00:00.20 . Memory (MB): peak = 2429.512 ; gain = 0.000 ; free physical = 2420 ; free virtual = 21392

Phase 1.4 Constrain Clocks/Macros
Phase 1.4 Constrain Clocks/Macros | Checksum: 2972cedfa

Time (s): cpu = 00:00:00.44 ; elapsed = 00:00:00.21 . Memory (MB): peak = 2429.512 ; gain = 0.000 ; free physical = 2420 ; free virtual = 21392
Phase 1 Placer Initialization | Checksum: 2972cedfa

Time (s): cpu = 00:00:00.44 ; elapsed = 00:00:00.21 . Memory (MB): peak = 2429.512 ; gain = 0.000 ; free physical = 2420 ; free virtual = 21392

Phase 2 Global Placement

Phase 2.1 Floorplanning
Phase 2.1 Floorplanning | Checksum: 2972cedfa

Time (s): cpu = 00:00:00.45 ; elapsed = 00:00:00.21 . Memory (MB): peak = 2429.512 ; gain = 0.000 ; free physical = 2419 ; free virtual = 21391

Phase 2.2 Global Placement Core
WARNING: [Place 46-29] place_design is not in timing mode. Skip physical synthesis in placer
Phase 2.2 Global Placement Core | Checksum: 246269067

Time (s): cpu = 00:00:01 ; elapsed = 00:00:00.31 . Memory (MB): peak = 2429.512 ; gain = 0.000 ; free physical = 2402 ; free virtual = 21375
Phase 2 Global Placement | Checksum: 246269067

Time (s): cpu = 00:00:01 ; elapsed = 00:00:00.31 . Memory (MB): peak = 2429.512 ; gain = 0.000 ; free physical = 2402 ; free virtual = 21375

Phase 3 Detail Placement

Phase 3.1 Commit Multi Column Macros
Phase 3.1 Commit Multi Column Macros | Checksum: 246269067

Time (s): cpu = 00:00:01 ; elapsed = 00:00:00.31 . Memory (MB): peak = 2429.512 ; gain = 0.000 ; free physical = 2402 ; free virtual = 21375

Phase 3.2 Commit Most Macros & LUTRAMs
Phase 3.2 Commit Most Macros & LUTRAMs | Checksum: 1d2221bd7

Time (s): cpu = 00:00:01 ; elapsed = 00:00:00.31 . Memory (MB): peak = 2429.512 ; gain = 0.000 ; free physical = 2402 ; free virtual = 21375

Phase 3.3 Area Swap Optimization
Phase 3.3 Area Swap Optimization | Checksum: 23e076f03

Time (s): cpu = 00:00:01 ; elapsed = 00:00:00.32 . Memory (MB): peak = 2429.512 ; gain = 0.000 ; free physical = 2403 ; free virtual = 21375

Phase 3.4 Pipeline Register Optimization
Phase 3.4 Pipeline Register Optimization | Checksum: 23e076f03

Time (s): cpu = 00:00:01 ; elapsed = 00:00:00.32 . Memory (MB): peak = 2429.512 ; gain = 0.000 ; free physical = 2403 ; free virtual = 21375

Phase 3.5 Small Shape Detail Placement
Phase 3.5 Small Shape Detail Placement | Checksum: 24a3a5623

Time (s): cpu = 00:00:02 ; elapsed = 00:00:00.40 . Memory (MB): peak = 2429.512 ; gain = 0.000 ; free physical = 2399 ; free virtual = 21371

Phase 3.6 Re-assign LUT pins
Phase 3.6 Re-assign LUT pins | Checksum: 24a3a5623

Time (s): cpu = 00:00:02 ; elapsed = 00:00:00.40 . Memory (MB): peak = 2429.512 ; gain = 0.000 ; free physical = 2399 ; free virtual = 21371

Phase 3.7 Pipeline Register Optimization
Phase 3.7 Pipeline Register Optimization | Checksum: 24a3a5623

Time (s): cpu = 00:00:02 ; elapsed = 00:00:00.40 . Memory (MB): peak = 2429.512 ; gain = 0.000 ; free physical = 2399 ; free virtual = 21371
Phase 3 Detail Placement | Checksum: 24a3a5623

Time (s): cpu = 00:00:02 ; elapsed = 00:00:00.40 . Memory (MB): peak = 2429.512 ; gain = 0.000 ; free physical = 2399 ; free virtual = 21371

Phase 4 Post Placement Optimization and Clean-Up

Phase 4.1 Post Commit Optimization
Phase 4.1 Post Commit Optimization | Checksum: 24a3a5623

Time (s): cpu = 00:00:02 ; elapsed = 00:00:00.41 . Memory (MB): peak = 2429.512 ; gain = 0.000 ; free physical = 2399 ; free virtual = 21371

Phase 4.2 Post Placement Cleanup
Phase 4.2 Post Placement Cleanup | Checksum: 24a3a5623

Time (s): cpu = 00:00:02 ; elapsed = 00:00:00.41 . Memory (MB): peak = 2429.512 ; gain = 0.000 ; free physical = 2400 ; free virtual = 21372

Phase 4.3 Placer Reporting
Phase 4.3 Placer Reporting | Checksum: 24a3a5623

Time (s): cpu = 00:00:02 ; elapsed = 00:00:00.41 . Memory (MB): peak = 2429.512 ; gain = 0.000 ; free physical = 2400 ; free virtual = 21372

Phase 4.4 Final Placement Cleanup
Netlist sorting complete. Time (s): cpu = 00:00:00 ; elapsed = 00:00:00 . Memory (MB): peak = 2429.512 ; gain = 0.000 ; free physical = 2400 ; free virtual = 21372
Phase 4.4 Final Placement Cleanup | Checksum: 24a3a5623

Time (s): cpu = 00:00:02 ; elapsed = 00:00:00.41 . Memory (MB): peak = 2429.512 ; gain = 0.000 ; free physical = 2400 ; free virtual = 21372
Phase 4 Post Placement Optimization and Clean-Up | Checksum: 24a3a5623

Time (s): cpu = 00:00:02 ; elapsed = 00:00:00.41 . Memory (MB): peak = 2429.512 ; gain = 0.000 ; free physical = 2400 ; free virtual = 21372
Ending Placer Task | Checksum: 155397914

Time (s): cpu = 00:00:02 ; elapsed = 00:00:00.42 . Memory (MB): peak = 2429.512 ; gain = 0.000 ; free physical = 2400 ; free virtual = 21372
INFO: [Common 17-83] Releasing license: Implementation
40 Infos, 1 Warnings, 0 Critical Warnings and 0 Errors encountered.
place_design completed successfully
Netlist sorting complete. Time (s): cpu = 00:00:00 ; elapsed = 00:00:00 . Memory (MB): peak = 2429.512 ; gain = 0.000 ; free physical = 2416 ; free virtual = 21388
INFO: [Timing 38-480] Writing timing data to binary archive.
Writing placer database...
Writing XDEF routing.
Writing XDEF routing logical nets.
Writing XDEF routing special nets.
Write XDEF Complete: Time (s): cpu = 00:00:00.04 ; elapsed = 00:00:00.03 . Memory (MB): peak = 2429.512 ; gain = 0.000 ; free physical = 2414 ; free virtual = 21389
INFO: [Common 17-1381] The checkpoint '/afs/ee.cooper.edu/user/h/halil.turan/Documents/ECE311/hw3/LookAheadAdder/LookAheadAdder.runs/impl_1/lookAheadAdder_placed.dcp' has been generated.
INFO: [runtcl-4] Executing : report_io -file lookAheadAdder_io_placed.rpt
report_io: Time (s): cpu = 00:00:00.10 ; elapsed = 00:00:00.12 . Memory (MB): peak = 2429.512 ; gain = 0.000 ; free physical = 2405 ; free virtual = 21378
INFO: [runtcl-4] Executing : report_utilization -file lookAheadAdder_utilization_placed.rpt -pb lookAheadAdder_utilization_placed.pb
INFO: [runtcl-4] Executing : report_control_sets -verbose -file lookAheadAdder_control_sets_placed.rpt
report_control_sets: Time (s): cpu = 00:00:00.03 ; elapsed = 00:00:00.03 . Memory (MB): peak = 2429.512 ; gain = 0.000 ; free physical = 2416 ; free virtual = 21389
Command: route_design
Attempting to get a license for feature 'Implementation' and/or device 'xc7z020'
INFO: [Common 17-349] Got license for feature 'Implementation' and/or device 'xc7z020'
Running DRC as a precondition to command route_design
INFO: [DRC 23-27] Running DRC with 8 threads
INFO: [Vivado_Tcl 4-198] DRC finished with 0 Errors
INFO: [Vivado_Tcl 4-199] Please refer to the DRC report (report_drc) for more information.


Starting Routing Task
INFO: [Route 35-254] Multithreading enabled for route_design using a maximum of 8 CPUs
Checksum: PlaceDB: 63c88101 ConstDB: 0 ShapeSum: f170f813 RouteDB: 0

Phase 1 Build RT Design
Phase 1 Build RT Design | Checksum: 1517b8daf

Time (s): cpu = 00:00:13 ; elapsed = 00:00:11 . Memory (MB): peak = 2452.965 ; gain = 0.000 ; free physical = 2305 ; free virtual = 21278
Post Restoration Checksum: NetGraph: 5ac075ef NumContArr: f6bb17c0 Constraints: 0 Timing: 0

Phase 2 Router Initialization
INFO: [Route 35-64] No timing constraints were detected. The router will operate in resource-optimization mode.

Phase 2.1 Fix Topology Constraints
Phase 2.1 Fix Topology Constraints | Checksum: 1517b8daf

Time (s): cpu = 00:00:13 ; elapsed = 00:00:11 . Memory (MB): peak = 2462.949 ; gain = 9.984 ; free physical = 2270 ; free virtual = 21243

Phase 2.2 Pre Route Cleanup
Phase 2.2 Pre Route Cleanup | Checksum: 1517b8daf

Time (s): cpu = 00:00:13 ; elapsed = 00:00:11 . Memory (MB): peak = 2462.949 ; gain = 9.984 ; free physical = 2270 ; free virtual = 21243
 Number of Nodes with overlaps = 0
Phase 2 Router Initialization | Checksum: 80c386e4

Time (s): cpu = 00:00:13 ; elapsed = 00:00:11 . Memory (MB): peak = 2469.004 ; gain = 16.039 ; free physical = 2268 ; free virtual = 21241

Router Utilization Summary
  Global Vertical Routing Utilization    = 0 %
  Global Horizontal Routing Utilization  = 0 %
  Routable Net Status*
  *Does not include unroutable nets such as driverless and loadless.
  Run report_route_status for detailed report.
  Number of Failed Nets               = 21
    (Failed Nets is the sum of unrouted and partially routed nets)
  Number of Unrouted Nets             = 21
  Number of Partially Routed Nets     = 0
  Number of Node Overlaps             = 0


Phase 3 Initial Routing
Phase 3 Initial Routing | Checksum: 9aad8c5a

Time (s): cpu = 00:00:13 ; elapsed = 00:00:11 . Memory (MB): peak = 2478.734 ; gain = 25.770 ; free physical = 2264 ; free virtual = 21237

Phase 4 Rip-up And Reroute

Phase 4.1 Global Iteration 0
 Number of Nodes with overlaps = 0
Phase 4.1 Global Iteration 0 | Checksum: 760e0a59

Time (s): cpu = 00:00:13 ; elapsed = 00:00:11 . Memory (MB): peak = 2478.734 ; gain = 25.770 ; free physical = 2264 ; free virtual = 21237
Phase 4 Rip-up And Reroute | Checksum: 760e0a59

Time (s): cpu = 00:00:13 ; elapsed = 00:00:11 . Memory (MB): peak = 2478.734 ; gain = 25.770 ; free physical = 2264 ; free virtual = 21237

Phase 5 Delay and Skew Optimization
Phase 5 Delay and Skew Optimization | Checksum: 760e0a59

Time (s): cpu = 00:00:13 ; elapsed = 00:00:11 . Memory (MB): peak = 2478.734 ; gain = 25.770 ; free physical = 2264 ; free virtual = 21237

Phase 6 Post Hold Fix

Phase 6.1 Hold Fix Iter
Phase 6.1 Hold Fix Iter | Checksum: 760e0a59

Time (s): cpu = 00:00:13 ; elapsed = 00:00:11 . Memory (MB): peak = 2478.734 ; gain = 25.770 ; free physical = 2264 ; free virtual = 21237
Phase 6 Post Hold Fix | Checksum: 760e0a59

Time (s): cpu = 00:00:13 ; elapsed = 00:00:11 . Memory (MB): peak = 2478.734 ; gain = 25.770 ; free physical = 2264 ; free virtual = 21237

Phase 7 Route finalize

Router Utilization Summary
  Global Vertical Routing Utilization    = 0.0279072 %
  Global Horizontal Routing Utilization  = 0.00270453 %
  Routable Net Status*
  *Does not include unroutable nets such as driverless and loadless.
  Run report_route_status for detailed report.
  Number of Failed Nets               = 0
    (Failed Nets is the sum of unrouted and partially routed nets)
  Number of Unrouted Nets             = 0
  Number of Partially Routed Nets     = 0
  Number of Node Overlaps             = 0

Congestion Report
North Dir 1x1 Area, Max Cong = 18.018%, No Congested Regions.
South Dir 1x1 Area, Max Cong = 16.2162%, No Congested Regions.
East Dir 1x1 Area, Max Cong = 5.88235%, No Congested Regions.
West Dir 1x1 Area, Max Cong = 2.94118%, No Congested Regions.

------------------------------
Reporting congestion hotspots
------------------------------
Direction: North
----------------
Congested clusters found at Level 0
Effective congestion level: 0 Aspect Ratio: 1 Sparse Ratio: 0
Direction: South
----------------
Congested clusters found at Level 0
Effective congestion level: 0 Aspect Ratio: 1 Sparse Ratio: 0
Direction: East
----------------
Congested clusters found at Level 0
Effective congestion level: 0 Aspect Ratio: 1 Sparse Ratio: 0
Direction: West
----------------
Congested clusters found at Level 0
Effective congestion level: 0 Aspect Ratio: 1 Sparse Ratio: 0

Phase 7 Route finalize | Checksum: 760e0a59

Time (s): cpu = 00:00:13 ; elapsed = 00:00:11 . Memory (MB): peak = 2478.734 ; gain = 25.770 ; free physical = 2264 ; free virtual = 21237

Phase 8 Verifying routed nets

 Verification completed successfully
Phase 8 Verifying routed nets | Checksum: 760e0a59

Time (s): cpu = 00:00:13 ; elapsed = 00:00:11 . Memory (MB): peak = 2480.734 ; gain = 27.770 ; free physical = 2263 ; free virtual = 21236

Phase 9 Depositing Routes
Phase 9 Depositing Routes | Checksum: 10c93a6c4

Time (s): cpu = 00:00:13 ; elapsed = 00:00:11 . Memory (MB): peak = 2480.734 ; gain = 27.770 ; free physical = 2263 ; free virtual = 21236
INFO: [Route 35-16] Router Completed Successfully

Time (s): cpu = 00:00:13 ; elapsed = 00:00:11 . Memory (MB): peak = 2480.734 ; gain = 27.770 ; free physical = 2300 ; free virtual = 21273

Routing Is Done.
INFO: [Common 17-83] Releasing license: Implementation
53 Infos, 1 Warnings, 0 Critical Warnings and 0 Errors encountered.
route_design completed successfully
route_design: Time (s): cpu = 00:00:14 ; elapsed = 00:00:12 . Memory (MB): peak = 2480.734 ; gain = 51.223 ; free physical = 2300 ; free virtual = 21273
Netlist sorting complete. Time (s): cpu = 00:00:00 ; elapsed = 00:00:00 . Memory (MB): peak = 2480.734 ; gain = 0.000 ; free physical = 2300 ; free virtual = 21273
INFO: [Timing 38-480] Writing timing data to binary archive.
Writing placer database...
Writing XDEF routing.
Writing XDEF routing logical nets.
Writing XDEF routing special nets.
Write XDEF Complete: Time (s): cpu = 00:00:00.06 ; elapsed = 00:00:00.03 . Memory (MB): peak = 2480.734 ; gain = 0.000 ; free physical = 2298 ; free virtual = 21274
INFO: [Common 17-1381] The checkpoint '/afs/ee.cooper.edu/user/h/halil.turan/Documents/ECE311/hw3/LookAheadAdder/LookAheadAdder.runs/impl_1/lookAheadAdder_routed.dcp' has been generated.
INFO: [runtcl-4] Executing : report_drc -file lookAheadAdder_drc_routed.rpt -pb lookAheadAdder_drc_routed.pb -rpx lookAheadAdder_drc_routed.rpx
Command: report_drc -file lookAheadAdder_drc_routed.rpt -pb lookAheadAdder_drc_routed.pb -rpx lookAheadAdder_drc_routed.rpx
INFO: [IP_Flow 19-1839] IP Catalog is up to date.
INFO: [DRC 23-27] Running DRC with 8 threads
INFO: [Coretcl 2-168] The results of DRC are in file /afs/ee.cooper.edu/user/h/halil.turan/Documents/ECE311/hw3/LookAheadAdder/LookAheadAdder.runs/impl_1/lookAheadAdder_drc_routed.rpt.
report_drc completed successfully
INFO: [runtcl-4] Executing : report_methodology -file lookAheadAdder_methodology_drc_routed.rpt -pb lookAheadAdder_methodology_drc_routed.pb -rpx lookAheadAdder_methodology_drc_routed.rpx
Command: report_methodology -file lookAheadAdder_methodology_drc_routed.rpt -pb lookAheadAdder_methodology_drc_routed.pb -rpx lookAheadAdder_methodology_drc_routed.rpx
INFO: [Timing 38-35] Done setting XDC timing constraints.
INFO: [DRC 23-133] Running Methodology with 8 threads
INFO: [Coretcl 2-1520] The results of Report Methodology are in file /afs/ee.cooper.edu/user/h/halil.turan/Documents/ECE311/hw3/LookAheadAdder/LookAheadAdder.runs/impl_1/lookAheadAdder_methodology_drc_routed.rpt.
report_methodology completed successfully
INFO: [runtcl-4] Executing : report_power -file lookAheadAdder_power_routed.rpt -pb lookAheadAdder_power_summary_routed.pb -rpx lookAheadAdder_power_routed.rpx
Command: report_power -file lookAheadAdder_power_routed.rpt -pb lookAheadAdder_power_summary_routed.pb -rpx lookAheadAdder_power_routed.rpx
INFO: [Timing 38-35] Done setting XDC timing constraints.
WARNING: [Power 33-232] No user defined clocks were found in the design! Power estimation will be inaccurate until this is corrected.
Resolution: Please specify clocks using create_clock/create_generated_clock for sequential elements. For pure combinatorial circuits, please specify a virtual clock, otherwise the vectorless estimation might be inaccurate
Running Vector-less Activity Propagation...

Finished Running Vector-less Activity Propagation
65 Infos, 2 Warnings, 0 Critical Warnings and 0 Errors encountered.
report_power completed successfully
INFO: [runtcl-4] Executing : report_route_status -file lookAheadAdder_route_status.rpt -pb lookAheadAdder_route_status.pb
INFO: [runtcl-4] Executing : report_timing_summary -max_paths 10 -file lookAheadAdder_timing_summary_routed.rpt -pb lookAheadAdder_timing_summary_routed.pb -rpx lookAheadAdder_timing_summary_routed.rpx -warn_on_violation 
INFO: [Timing 38-91] UpdateTimingParams: Speed grade: -1, Delay Type: min_max.
INFO: [Timing 38-191] Multithreading enabled for timing update using a maximum of 8 CPUs
WARNING: [Timing 38-313] There are no user specified timing constraints. Timing constraints are needed for proper timing analysis.
INFO: [runtcl-4] Executing : report_incremental_reuse -file lookAheadAdder_incremental_reuse_routed.rpt
INFO: [Vivado_Tcl 4-1062] Incremental flow is disabled. No incremental reuse Info to report.
INFO: [runtcl-4] Executing : report_clock_utilization -file lookAheadAdder_clock_utilization_routed.rpt
INFO: [runtcl-4] Executing : report_bus_skew -warn_on_violation -file lookAheadAdder_bus_skew_routed.rpt -pb lookAheadAdder_bus_skew_routed.pb -rpx lookAheadAdder_bus_skew_routed.rpx
INFO: [Timing 38-91] UpdateTimingParams: Speed grade: -1, Delay Type: min_max.
INFO: [Timing 38-191] Multithreading enabled for timing update using a maximum of 8 CPUs
INFO: [Common 17-206] Exiting Vivado at Tue Sep 27 20:09:55 2022...
